<?xml version="1.0" encoding="UTF-8"?>
<testsuite xmlns:xsi="http://www.w3.org/2001/XMLSchema-instance" xsi:noNamespaceSchemaLocation="https://maven.apache.org/surefire/maven-surefire-plugin/xsd/surefire-test-report.xsd" name="es2.g3.sidsh.sci.ArticleTest" time="0.055" tests="13" errors="0" skipped="0" failures="0">
  <properties>
[...]
</properties>
  <testcase name="testSetPub_year" classname="es2.g3.sidsh.sci.ArticleTest" time="0.028"/>
  <testcase name="testGetTitle" classname="es2.g3.sidsh.sci.ArticleTest" time="0"/>
  <testcase name="testGetPub_year" classname="es2.g3.sidsh.sci.ArticleTest" time="0.001"/>
  <testcase name="testToString" classname="es2.g3.sidsh.sci.ArticleTest" time="0.002"/>
  <testcase name="testGetAuthors" classname="es2.g3.sidsh.sci.ArticleTest" time="0.001"/>
  <testcase name="testGetAuthorsString" classname="es2.g3.sidsh.sci.ArticleTest" time="0.001"/>
  <testcase name="testSetFileName" classname="es2.g3.sidsh.sci.ArticleTest" time="0"/>
  <testcase name="testGetFileName" classname="es2.g3.sidsh.sci.ArticleTest" time="0"/>
  <testcase name="testGetJournal_name" classname="es2.g3.sidsh.sci.ArticleTest" time="0.001"/>
  <testcase name="testSetAuthors" classname="es2.g3.sidsh.sci.ArticleTest" time="0.001"/>
  <testcase name="testSetJournal_name" classname="es2.g3.sidsh.sci.ArticleTest" time="0"/>
  <testcase name="testArticleStringStringStringStringArrayListOfString" classname="es2.g3.sidsh.sci.ArticleTest" time="0"/>
  <testcase name="testSetTitle" classname="es2.g3.sidsh.sci.ArticleTest" time="0.001"/>
</testsuite>